[2020-04-08T15:33:37.599] [INFO] response - {
  method: 'GET',
  url: '/',
  body: {},
  costTime: 183,
  response: {
    status: 200,
    message: 'OK',
    header: [Object: null prototype] {
      vary: 'Origin',
      'access-control-allow-origin': 'http://localhost:8080',
      'access-control-allow-credentials': 'true',
      'access-control-expose-headers': 'WWW-Authenticate,Server-Authorization',
      'content-type': 'text/html; charset=utf-8',
      'content-length': '1697'
    },
    body: '<!DOCTYPE html>\n' +
      '<html>\n' +
      '<head>\n' +
      `    <link rel="stylesheet" href='/stylesheets/login.css'>\n` +
      '    <title>登陆</title>\n' +
      '</head>\n' +
      '<body>\n' +
      '    <div class="header" id="head">\n' +
      '      <div class="title">XXXX 系统登陆</div>\n' +
      '    </div>\n' +
      '          \n' +
      '    <div class="wrap" id="wrap">\n' +
      '        <div class="logGet">\n' +
      '                <!-- 头部提示信息 -->\n' +
      '                <div class="logD logDtip">\n' +
      '                    <p class="p1">登录</p>\n' +
      '                </div>\n' +
      '                <form action="/users/checkLogin" method="POST">\n' +
      '                  <!-- 输入框 -->\n' +
      '                  <div class="lgD">\n' +
      '                      <input type="text" name="u_id"\n' +
      '                          placeholder="输入id" />\n' +
      '                  </div>\n' +
      '                  <div class="lgD">\n' +
      '                      <input type="password" name="u_password"\n' +
      '                          placeholder="输入用户密码" />\n' +
      '                  </div>\n' +
      '                  <div class="logC">\n' +
      '                      <button type="submit">登 录</button>\n' +
      '                  </div>\n' +
      '                </form>\n' +
      '            </div>\n' +
      '      </div>\n' +
      '      <div class="footer" id="foot">\n' +
      '        <div class="copyright">\n' +
      '          <p>Copyright © 2019 huaruan.com Inc. All Rights Reserved.</p>\n' +
      '          <div class="img">\n' +
      '              <i class="icon"></i><span>联系邮箱：123123@sise.com</span>\n' +
      '          </div>\n' +
      '          \n' +
      '          <div class="img">\n' +
      '              <i class="icon1"></i><span>联系地址：广州大学华软软件学院</span>\n' +
      '          </div>\n' +
      '            \n' +
      '          <div class="img">\n' +
      '            <i class="icon2"></i><span>联系电话：12345678</span>\n' +
      '          </div>\n' +
      '       \n' +
      '       \n' +
      '        </div>\n' +
      '          \n' +
      '      </div>\n' +
      '</body>\n' +
      '</html>'
  }
}
[2020-04-08T15:33:37.769] [INFO] response - {
  method: 'GET',
  url: '/favicon.ico',
  body: {},
  costTime: 13,
  response: {
    status: 200,
    message: 'OK',
    header: [Object: null prototype] {
      vary: 'Origin',
      'access-control-allow-origin': 'http://localhost:8080',
      'access-control-allow-credentials': 'true',
      'access-control-expose-headers': 'WWW-Authenticate,Server-Authorization',
      'content-type': 'text/html; charset=utf-8',
      'content-length': '458'
    },
    body: '<!DOCTYPE html>\n' +
      '<html lang="en">\n' +
      '\n' +
      '<head>\n' +
      '    <meta charset="UTF-8">\n' +
      '    <meta name="viewport" content="width=device-width, initial-scale=1.0">\n' +
      '    <meta http-equiv="X-UA-Compatible" content="ie=edge">\n' +
      '    <link rel="stylesheet" href="/stylesheets/error.css">\n' +
      '    <title>错误信息</title>\n' +
      '</head>\n' +
      '\n' +
      '<body>\n' +
      '    <div class="content">\n' +
      '        <h1>抱歉，找不到你的诗和远方了！</h1>\n' +
      '        \n' +
      '        <h2>404</h2>\n' +
      '        \n' +
      '    </div>\n' +
      '</body>\n' +
      '</html>'
  }
}
[2020-04-08T15:33:44.604] [INFO] response - {
  method: 'POST',
  url: '/users/checkLogin',
  body: { u_id: '1001', u_password: '123456' },
  costTime: 164,
  response: {
    status: 302,
    message: 'Found',
    header: [Object: null prototype] {
      vary: 'Origin',
      'access-control-allow-origin': 'http://localhost:8080',
      'access-control-allow-credentials': 'true',
      'access-control-expose-headers': 'WWW-Authenticate,Server-Authorization',
      location: '/',
      'content-type': 'text/html; charset=utf-8',
      'content-length': '33'
    },
    body: 'Redirecting to <a href="/">/</a>.'
  }
}
[2020-04-08T15:33:44.622] [INFO] response - {
  method: 'GET',
  url: '/',
  body: {},
  costTime: 5,
  response: {
    status: 200,
    message: 'OK',
    header: [Object: null prototype] {
      vary: 'Origin',
      'access-control-allow-origin': 'http://localhost:8080',
      'access-control-allow-credentials': 'true',
      'access-control-expose-headers': 'WWW-Authenticate,Server-Authorization',
      'content-type': 'text/html; charset=utf-8',
      'content-length': '515'
    },
    body: '<!DOCTYPE html>\n' +
      '<html>\n' +
      '  <head>\n' +
      "    <link rel='stylesheet' href='/stylesheets/style.css' />\n" +
      '  </head>\n' +
      '  <body>\n' +
      '    \n' +
      '    <p><a href="/users/logout">注销</a></p>\n' +
      '    <p>用户名：程老师 </p>\n' +
      '    \n' +
      '    \n' +
      '    <p><a href="/user/message">用户信息管理</a></p>\n' +
      '    <p><a href="/class/classroom_message">教室信息管理</a></p>\n' +
      '    <p><a href="/class/classroom_occupyMessage">教室占用情况</a></p>\n' +
      '    <p><a href="/classtable/classtable_message">教室申请表信息管理</a></p>\n' +
      '    \n' +
      '  </body>\n' +
      '</html>\n'
  }
}
[2020-04-08T15:33:44.723] [INFO] response - {
  method: 'GET',
  url: '/favicon.ico',
  body: {},
  costTime: 9,
  response: {
    status: 200,
    message: 'OK',
    header: [Object: null prototype] {
      vary: 'Origin',
      'access-control-allow-origin': 'http://localhost:8080',
      'access-control-allow-credentials': 'true',
      'access-control-expose-headers': 'WWW-Authenticate,Server-Authorization',
      'content-type': 'text/html; charset=utf-8',
      'content-length': '458'
    },
    body: '<!DOCTYPE html>\n' +
      '<html lang="en">\n' +
      '\n' +
      '<head>\n' +
      '    <meta charset="UTF-8">\n' +
      '    <meta name="viewport" content="width=device-width, initial-scale=1.0">\n' +
      '    <meta http-equiv="X-UA-Compatible" content="ie=edge">\n' +
      '    <link rel="stylesheet" href="/stylesheets/error.css">\n' +
      '    <title>错误信息</title>\n' +
      '</head>\n' +
      '\n' +
      '<body>\n' +
      '    <div class="content">\n' +
      '        <h1>抱歉，找不到你的诗和远方了！</h1>\n' +
      '        \n' +
      '        <h2>404</h2>\n' +
      '        \n' +
      '    </div>\n' +
      '</body>\n' +
      '</html>'
  }
}
[2020-04-08T15:33:48.120] [INFO] response - {
  method: 'GET',
  url: '/user/message',
  body: {},
  costTime: 7,
  response: {
    status: 200,
    message: 'OK',
    header: [Object: null prototype] {
      vary: 'Origin',
      'access-control-allow-origin': 'http://localhost:8080',
      'access-control-allow-credentials': 'true',
      'access-control-expose-headers': 'WWW-Authenticate,Server-Authorization',
      'content-type': 'text/html; charset=utf-8',
      'content-length': '4078'
    },
    body: '<!DOCTYPE html>\r\n' +
      '<html lang="en">\r\n' +
      '\r\n' +
      '<head>\r\n' +
      '    <meta charset="UTF-8">\r\n' +
      '    <meta name="viewport" content="width=device-width, initial-scale=1.0">\r\n' +
      '    <meta http-equiv="X-UA-Compatible" content="ie=edge">\r\n' +
      '\r\n' +
      '    <title>用户信息管理</title>\r\n' +
      '</head>\r\n' +
      '\r\n' +
      '<body>\r\n' +
      '    <div id="container">\r\n' +
      '        <div class="title">用户信息管理</div>\r\n' +
      '        <div class="table">\r\n' +
      '            <table border="1px solid" style="text-align: center;">\r\n' +
      '                <thead>\r\n' +
      '                    <td>序号</td>\r\n' +
      '                    <td>学号/工号</td>\r\n' +
      '                    <td>用户姓名</td>\r\n' +
      '                    <td>用户身份</td>\r\n' +
      '                    <td>用户性别</td>\r\n' +
      '                    <td>用户生日</td>\r\n' +
      '                    <td>地区</td>\r\n' +
      '                    <td>操作</td>\r\n' +
      '                </thead>\r\n' +
      '                <tbody>\r\n' +
      '                    \r\n' +
      '                    <tr>\r\n' +
      '                        <td>1</td>\r\n' +
      '                        <td>1001</td>\r\n' +
      '                        <td>程老师 </td>\r\n' +
      '                        <td>\r\n' +
      '                            老师\r\n' +
      '                            \r\n' +
      '                        </td>\r\n' +
      '                        <td>\r\n' +
      '                            男\r\n' +
      '                            \r\n' +
      '                        </td>\r\n' +
      '                        <td>1999-03-29</td>\r\n' +
      '                        <td>广东广州</td>\r\n' +
      '                        <td><a href="/user/message/delect/1001">删除</td>\r\n' +
      '                        <td><a href="/user/message/edit/1001">编辑</td>\r\n' +
      '                    </tr>\r\n' +
      '                    \r\n' +
      '                    <tr>\r\n' +
      '                        <td>2</td>\r\n' +
      '                        <td>1740624157</td>\r\n' +
      '                        <td>林沛鑫</td>\r\n' +
      '                        <td>\r\n' +
      '                            学生\r\n' +
      '                            \r\n' +
      '                        </td>\r\n' +
      '                        <td>\r\n' +
      '                            男\r\n' +
      '                            \r\n' +
      '                        </td>\r\n' +
      '                        <td>1998-06-21</td>\r\n' +
      '                        <td>广东揭阳</td>\r\n' +
      '                        <td><a href="/user/message/delect/1740624157">删除</td>\r\n' +
      '                        <td><a href="/user/message/edit/1740624157">编辑</td>\r\n' +
      '                    </tr>\r\n' +
      '                    \r\n' +
      '                    <tr>\r\n' +
      '                        <td>3</td>\r\n' +
      '                        <td>1740624216</td>\r\n' +
      '                        <td>罗文科</td>\r\n' +
      '                        <td>\r\n' +
      '                            学生\r\n' +
      '                            \r\n' +
      '                        </td>\r\n' +
      '                        <td>\r\n' +
      '                            男\r\n' +
      '                            \r\n' +
      '                        </td>\r\n' +
      '                        <td>1998-05-20</td>\r\n' +
      '                        <td>广东惠州</td>\r\n' +
      '                        <td><a href="/user/message/delect/1740624216">删除</td>\r\n' +
      '                        <td><a href="/user/message/edit/1740624216">编辑</td>\r\n' +
      '                    </tr>\r\n' +
      '                    \r\n' +
      '                </tbody>\r\n' +
      '            </table>\r\n' +
      '        </div>\r\n' +
      '        <p></p>\r\n' +
      '        <div class="adduser">\r\n' +
      '            <div>添加用户</div>\r\n' +
      '            <br>\r\n' +
      '            <form action="/user/message/sent" method="POST">\r\n' +
      '                学号或工号：<input type="text" name="u_id" placeholder="学号或工号" required>\r\n' +
      '                <br></br>\r\n' +
      '                用户名字：<input type="text" name="u_name" placeholder="用户姓名" required>\r\n' +
      '                <br></br>\r\n' +
      '                <label for="u_role">角色:</label>\r\n' +
      '                <select name="u_role" required>\r\n' +
      '                    <option value=""></option>\r\n' +
      '                    <option value="1">学生</option>\r\n' +
      '                    <option value="2">老师</option>\r\n' +
      '                </select>\r\n' +
      '                <br></br>\r\n' +
      '                密码：<input type="password" name="u_password" placeholder="用户密码" required>\r\n' +
      '                <br></br>\r\n' +
      '                <button type="submit">提交</button> <button type="reset">重置</button>\r\n' +
      '            </form>\r\n' +
      '        </div>\r\n' +
      '\r\n' +
      '\r\n' +
      '    </div>\r\n' +
      '    \r\n' +
      '</body>\r\n' +
      '\r\n' +
      '</html>'
  }
}
[2020-04-08T15:33:48.178] [INFO] response - {
  method: 'GET',
  url: '/favicon.ico',
  body: {},
  costTime: 6,
  response: {
    status: 200,
    message: 'OK',
    header: [Object: null prototype] {
      vary: 'Origin',
      'access-control-allow-origin': 'http://localhost:8080',
      'access-control-allow-credentials': 'true',
      'access-control-expose-headers': 'WWW-Authenticate,Server-Authorization',
      'content-type': 'text/html; charset=utf-8',
      'content-length': '458'
    },
    body: '<!DOCTYPE html>\n' +
      '<html lang="en">\n' +
      '\n' +
      '<head>\n' +
      '    <meta charset="UTF-8">\n' +
      '    <meta name="viewport" content="width=device-width, initial-scale=1.0">\n' +
      '    <meta http-equiv="X-UA-Compatible" content="ie=edge">\n' +
      '    <link rel="stylesheet" href="/stylesheets/error.css">\n' +
      '    <title>错误信息</title>\n' +
      '</head>\n' +
      '\n' +
      '<body>\n' +
      '    <div class="content">\n' +
      '        <h1>抱歉，找不到你的诗和远方了！</h1>\n' +
      '        \n' +
      '        <h2>404</h2>\n' +
      '        \n' +
      '    </div>\n' +
      '</body>\n' +
      '</html>'
  }
}
