[2019-12-25T14:46:12.464] [INFO] response - {
  method: 'GET',
  url: '/api/users/userinfo',
  body: {},
  costTime: 10,
  response: {
    status: 401,
    message: 'Unauthorized',
    header: [Object: null prototype] {
      vary: 'Origin',
      'access-control-allow-origin': 'http://localhost:8080',
      'access-control-allow-credentials': 'true',
      'access-control-expose-headers': 'WWW-Authenticate,Server-Authorization',
      'content-type': 'text/plain; charset=utf-8',
      'content-length': '12'
    },
    body: 'Unauthorized'
  }
}
[2019-12-25T14:46:31.304] [INFO] response - {
  method: 'POST',
  url: '/api/users/postlogin',
  body: { user_id: '1740624157', password: '123456' },
  costTime: 950,
  response: {
    status: 200,
    message: 'OK',
    header: [Object: null prototype] {
      vary: 'Origin',
      'access-control-allow-origin': 'http://localhost:8080',
      'access-control-allow-credentials': 'true',
      'access-control-expose-headers': 'WWW-Authenticate,Server-Authorization',
      'content-type': 'application/json; charset=utf-8'
    },
    body: { code: 1, data: [Object] }
  }
}
[2019-12-25T14:46:31.342] [INFO] response - {
  method: 'GET',
  url: '/api/users/userinfo',
  body: {},
  costTime: 7,
  response: {
    status: 200,
    message: 'OK',
    header: [Object: null prototype] {
      vary: 'Origin',
      'access-control-allow-origin': 'http://localhost:8080',
      'access-control-allow-credentials': 'true',
      'access-control-expose-headers': 'WWW-Authenticate,Server-Authorization',
      'content-type': 'application/json; charset=utf-8'
    },
    body: { data: [Object] }
  }
}
[2019-12-25T14:46:34.761] [INFO] response - {
  method: 'GET',
  url: '/api/users/userinfo',
  body: {},
  costTime: 7,
  response: {
    status: 200,
    message: 'OK',
    header: [Object: null prototype] {
      vary: 'Origin',
      'access-control-allow-origin': 'http://localhost:8080',
      'access-control-allow-credentials': 'true',
      'access-control-expose-headers': 'WWW-Authenticate,Server-Authorization',
      'content-type': 'application/json; charset=utf-8'
    },
    body: { data: [Object] }
  }
}
[2019-12-25T14:46:35.220] [INFO] response - {
  method: 'GET',
  url: '/api/tables/tableinfo?0=1740624157',
  body: {},
  costTime: 218,
  response: {
    status: 200,
    message: 'OK',
    header: [Object: null prototype] {
      vary: 'Origin',
      'access-control-allow-origin': 'http://localhost:8080',
      'access-control-allow-credentials': 'true',
      'access-control-expose-headers': 'WWW-Authenticate,Server-Authorization',
      'content-type': 'application/json; charset=utf-8'
    },
    body: { code: -1, data: '' }
  }
}
[2019-12-25T14:46:35.636] [INFO] response - {
  method: 'GET',
  url: '/api/users/userinfo',
  body: {},
  costTime: 6,
  response: {
    status: 200,
    message: 'OK',
    header: [Object: null prototype] {
      vary: 'Origin',
      'access-control-allow-origin': 'http://localhost:8080',
      'access-control-allow-credentials': 'true',
      'access-control-expose-headers': 'WWW-Authenticate,Server-Authorization',
      'content-type': 'application/json; charset=utf-8'
    },
    body: { data: [Object] }
  }
}
[2019-12-25T14:46:36.864] [INFO] response - {
  method: 'GET',
  url: '/api/users/userinfo',
  body: {},
  costTime: 3,
  response: {
    status: 200,
    message: 'OK',
    header: [Object: null prototype] {
      vary: 'Origin',
      'access-control-allow-origin': 'http://localhost:8080',
      'access-control-allow-credentials': 'true',
      'access-control-expose-headers': 'WWW-Authenticate,Server-Authorization',
      'content-type': 'application/json; charset=utf-8'
    },
    body: { data: [Object] }
  }
}
[2019-12-25T14:46:40.719] [INFO] response - {
  method: 'GET',
  url: '/api/users/userinfo',
  body: {},
  costTime: 5,
  response: {
    status: 200,
    message: 'OK',
    header: [Object: null prototype] {
      vary: 'Origin',
      'access-control-allow-origin': 'http://localhost:8080',
      'access-control-allow-credentials': 'true',
      'access-control-expose-headers': 'WWW-Authenticate,Server-Authorization',
      'content-type': 'application/json; charset=utf-8'
    },
    body: { data: [Object] }
  }
}
[2019-12-25T14:46:55.070] [INFO] response - {
  method: 'PUT',
  url: '/api/users/putpassword',
  body: {
    user_id: '1740624157',
    old_password: '123456',
    new_password: '123'
  },
  costTime: 225,
  response: {
    status: 200,
    message: 'OK',
    header: [Object: null prototype] {
      vary: 'Origin',
      'access-control-allow-origin': 'http://localhost:8080',
      'access-control-allow-credentials': 'true',
      'access-control-expose-headers': 'WWW-Authenticate,Server-Authorization',
      'content-type': 'application/json; charset=utf-8'
    },
    body: { code: 1, data: [Object] }
  }
}
[2019-12-25T14:46:57.355] [INFO] response - {
  method: 'GET',
  url: '/api/users/userinfo',
  body: {},
  costTime: 5,
  response: {
    status: 200,
    message: 'OK',
    header: [Object: null prototype] {
      vary: 'Origin',
      'access-control-allow-origin': 'http://localhost:8080',
      'access-control-allow-credentials': 'true',
      'access-control-expose-headers': 'WWW-Authenticate,Server-Authorization',
      'content-type': 'application/json; charset=utf-8'
    },
    body: { data: [Object] }
  }
}
[2019-12-25T14:47:08.071] [INFO] response - {
  method: 'POST',
  url: '/api/users/postlogin',
  body: { user_id: '1740624157', password: '123' },
  costTime: 7,
  response: {
    status: 200,
    message: 'OK',
    header: [Object: null prototype] {
      vary: 'Origin',
      'access-control-allow-origin': 'http://localhost:8080',
      'access-control-allow-credentials': 'true',
      'access-control-expose-headers': 'WWW-Authenticate,Server-Authorization',
      'content-type': 'application/json; charset=utf-8'
    },
    body: { code: 1, data: [Object] }
  }
}
[2019-12-25T14:47:08.316] [INFO] response - {
  method: 'GET',
  url: '/api/users/userinfo',
  body: {},
  costTime: 7,
  response: {
    status: 200,
    message: 'OK',
    header: [Object: null prototype] {
      vary: 'Origin',
      'access-control-allow-origin': 'http://localhost:8080',
      'access-control-allow-credentials': 'true',
      'access-control-expose-headers': 'WWW-Authenticate,Server-Authorization',
      'content-type': 'application/json; charset=utf-8'
    },
    body: { data: [Object] }
  }
}
[2019-12-25T14:47:21.450] [INFO] response - {
  method: 'POST',
  url: '/api/users/postlogin',
  body: { user_id: '1740624157', password: '123456' },
  costTime: 16,
  response: {
    status: 200,
    message: 'OK',
    header: [Object: null prototype] {
      vary: 'Origin',
      'access-control-allow-origin': 'http://localhost:8080',
      'access-control-allow-credentials': 'true',
      'access-control-expose-headers': 'WWW-Authenticate,Server-Authorization',
      'content-type': 'application/json; charset=utf-8'
    },
    body: { code: 0, data: [Object] }
  }
}
[2019-12-25T14:47:25.815] [INFO] response - {
  method: 'POST',
  url: '/api/users/postlogin',
  body: { user_id: '1740624157', password: '123' },
  costTime: 9,
  response: {
    status: 200,
    message: 'OK',
    header: [Object: null prototype] {
      vary: 'Origin',
      'access-control-allow-origin': 'http://localhost:8080',
      'access-control-allow-credentials': 'true',
      'access-control-expose-headers': 'WWW-Authenticate,Server-Authorization',
      'content-type': 'application/json; charset=utf-8'
    },
    body: { code: 1, data: [Object] }
  }
}
[2019-12-25T14:47:26.056] [INFO] response - {
  method: 'GET',
  url: '/api/users/userinfo',
  body: {},
  costTime: 8,
  response: {
    status: 200,
    message: 'OK',
    header: [Object: null prototype] {
      vary: 'Origin',
      'access-control-allow-origin': 'http://localhost:8080',
      'access-control-allow-credentials': 'true',
      'access-control-expose-headers': 'WWW-Authenticate,Server-Authorization',
      'content-type': 'application/json; charset=utf-8'
    },
    body: { data: [Object] }
  }
}
[2019-12-25T14:47:27.451] [INFO] response - {
  method: 'GET',
  url: '/api/users/userinfo',
  body: {},
  costTime: 4,
  response: {
    status: 200,
    message: 'OK',
    header: [Object: null prototype] {
      vary: 'Origin',
      'access-control-allow-origin': 'http://localhost:8080',
      'access-control-allow-credentials': 'true',
      'access-control-expose-headers': 'WWW-Authenticate,Server-Authorization',
      'content-type': 'application/json; charset=utf-8'
    },
    body: { data: [Object] }
  }
}
[2019-12-25T14:47:28.562] [INFO] response - {
  method: 'GET',
  url: '/api/users/userinfo',
  body: {},
  costTime: 14,
  response: {
    status: 200,
    message: 'OK',
    header: [Object: null prototype] {
      vary: 'Origin',
      'access-control-allow-origin': 'http://localhost:8080',
      'access-control-allow-credentials': 'true',
      'access-control-expose-headers': 'WWW-Authenticate,Server-Authorization',
      'content-type': 'application/json; charset=utf-8'
    },
    body: { data: [Object] }
  }
}
[2019-12-25T14:47:37.371] [INFO] response - {
  method: 'PUT',
  url: '/api/users/putpassword',
  body: {
    user_id: '1740624157',
    old_password: '123',
    new_password: '123456'
  },
  costTime: 80,
  response: {
    status: 200,
    message: 'OK',
    header: [Object: null prototype] {
      vary: 'Origin',
      'access-control-allow-origin': 'http://localhost:8080',
      'access-control-allow-credentials': 'true',
      'access-control-expose-headers': 'WWW-Authenticate,Server-Authorization',
      'content-type': 'application/json; charset=utf-8'
    },
    body: { code: 1, data: [Object] }
  }
}
[2019-12-25T14:47:43.112] [INFO] response - {
  method: 'GET',
  url: '/api/users/userinfo',
  body: {},
  costTime: 4,
  response: {
    status: 200,
    message: 'OK',
    header: [Object: null prototype] {
      vary: 'Origin',
      'access-control-allow-origin': 'http://localhost:8080',
      'access-control-allow-credentials': 'true',
      'access-control-expose-headers': 'WWW-Authenticate,Server-Authorization',
      'content-type': 'application/json; charset=utf-8'
    },
    body: { data: [Object] }
  }
}
[2019-12-25T14:47:56.696] [INFO] response - {
  method: 'POST',
  url: '/api/users/postlogin',
  body: { user_id: '1740624157', password: '123456' },
  costTime: 23,
  response: {
    status: 200,
    message: 'OK',
    header: [Object: null prototype] {
      vary: 'Origin',
      'access-control-allow-origin': 'http://localhost:8080',
      'access-control-allow-credentials': 'true',
      'access-control-expose-headers': 'WWW-Authenticate,Server-Authorization',
      'content-type': 'application/json; charset=utf-8'
    },
    body: { code: 1, data: [Object] }
  }
}
[2019-12-25T14:47:56.940] [INFO] response - {
  method: 'GET',
  url: '/api/users/userinfo',
  body: {},
  costTime: 10,
  response: {
    status: 200,
    message: 'OK',
    header: [Object: null prototype] {
      vary: 'Origin',
      'access-control-allow-origin': 'http://localhost:8080',
      'access-control-allow-credentials': 'true',
      'access-control-expose-headers': 'WWW-Authenticate,Server-Authorization',
      'content-type': 'application/json; charset=utf-8'
    },
    body: { data: [Object] }
  }
}
[2019-12-25T14:48:00.062] [INFO] response - {
  method: 'GET',
  url: '/api/users/userinfo',
  body: {},
  costTime: 7,
  response: {
    status: 200,
    message: 'OK',
    header: [Object: null prototype] {
      vary: 'Origin',
      'access-control-allow-origin': 'http://localhost:8080',
      'access-control-allow-credentials': 'true',
      'access-control-expose-headers': 'WWW-Authenticate,Server-Authorization',
      'content-type': 'application/json; charset=utf-8'
    },
    body: { data: [Object] }
  }
}
[2019-12-25T14:48:00.313] [INFO] response - {
  method: 'GET',
  url: '/api/tables/tableinfo?0=1740624157',
  body: {},
  costTime: 8,
  response: {
    status: 200,
    message: 'OK',
    header: [Object: null prototype] {
      vary: 'Origin',
      'access-control-allow-origin': 'http://localhost:8080',
      'access-control-allow-credentials': 'true',
      'access-control-expose-headers': 'WWW-Authenticate,Server-Authorization',
      'content-type': 'application/json; charset=utf-8'
    },
    body: { code: -1, data: '' }
  }
}
[2019-12-25T14:48:00.403] [INFO] response - {
  method: 'GET',
  url: '/api/users/userinfo',
  body: {},
  costTime: 3,
  response: {
    status: 200,
    message: 'OK',
    header: [Object: null prototype] {
      vary: 'Origin',
      'access-control-allow-origin': 'http://localhost:8080',
      'access-control-allow-credentials': 'true',
      'access-control-expose-headers': 'WWW-Authenticate,Server-Authorization',
      'content-type': 'application/json; charset=utf-8'
    },
    body: { data: [Object] }
  }
}
[2019-12-25T14:48:02.070] [INFO] response - {
  method: 'GET',
  url: '/api/users/userinfo',
  body: {},
  costTime: 6,
  response: {
    status: 200,
    message: 'OK',
    header: [Object: null prototype] {
      vary: 'Origin',
      'access-control-allow-origin': 'http://localhost:8080',
      'access-control-allow-credentials': 'true',
      'access-control-expose-headers': 'WWW-Authenticate,Server-Authorization',
      'content-type': 'application/json; charset=utf-8'
    },
    body: { data: [Object] }
  }
}
[2019-12-25T14:48:04.318] [INFO] response - {
  method: 'GET',
  url: '/api/users/userinfo',
  body: {},
  costTime: 8,
  response: {
    status: 200,
    message: 'OK',
    header: [Object: null prototype] {
      vary: 'Origin',
      'access-control-allow-origin': 'http://localhost:8080',
      'access-control-allow-credentials': 'true',
      'access-control-expose-headers': 'WWW-Authenticate,Server-Authorization',
      'content-type': 'application/json; charset=utf-8'
    },
    body: { data: [Object] }
  }
}
[2019-12-25T14:48:05.373] [INFO] response - {
  method: 'GET',
  url: '/api/users/userinfo',
  body: {},
  costTime: 5,
  response: {
    status: 200,
    message: 'OK',
    header: [Object: null prototype] {
      vary: 'Origin',
      'access-control-allow-origin': 'http://localhost:8080',
      'access-control-allow-credentials': 'true',
      'access-control-expose-headers': 'WWW-Authenticate,Server-Authorization',
      'content-type': 'application/json; charset=utf-8'
    },
    body: { data: [Object] }
  }
}
[2019-12-25T14:48:05.987] [INFO] response - {
  method: 'GET',
  url: '/api/users/userinfo',
  body: {},
  costTime: 4,
  response: {
    status: 200,
    message: 'OK',
    header: [Object: null prototype] {
      vary: 'Origin',
      'access-control-allow-origin': 'http://localhost:8080',
      'access-control-allow-credentials': 'true',
      'access-control-expose-headers': 'WWW-Authenticate,Server-Authorization',
      'content-type': 'application/json; charset=utf-8'
    },
    body: { data: [Object] }
  }
}
[2019-12-25T14:48:06.338] [INFO] response - {
  method: 'GET',
  url: '/api/tables/tableinfo?0=1740624157',
  body: {},
  costTime: 20,
  response: {
    status: 200,
    message: 'OK',
    header: [Object: null prototype] {
      vary: 'Origin',
      'access-control-allow-origin': 'http://localhost:8080',
      'access-control-allow-credentials': 'true',
      'access-control-expose-headers': 'WWW-Authenticate,Server-Authorization',
      'content-type': 'application/json; charset=utf-8'
    },
    body: { code: -1, data: '' }
  }
}
[2019-12-25T14:48:07.029] [INFO] response - {
  method: 'GET',
  url: '/api/users/userinfo',
  body: {},
  costTime: 4,
  response: {
    status: 200,
    message: 'OK',
    header: [Object: null prototype] {
      vary: 'Origin',
      'access-control-allow-origin': 'http://localhost:8080',
      'access-control-allow-credentials': 'true',
      'access-control-expose-headers': 'WWW-Authenticate,Server-Authorization',
      'content-type': 'application/json; charset=utf-8'
    },
    body: { data: [Object] }
  }
}
[2019-12-25T14:49:23.129] [INFO] response - {
  method: 'POST',
  url: '/api/tables/posttable',
  body: {
    user_id: '1740624157',
    number: '80',
    phone: '15920327829',
    username: '林沛鑫',
    usetime: '2019-12-25 14:48:00',
    endtime: '2019-12-25 14:52:00',
    applytime: '2019-12-25 14:49:17',
    reason: '开会需要',
    media: '0'
  },
  costTime: 321,
  response: {
    status: 200,
    message: 'OK',
    header: [Object: null prototype] {
      vary: 'Origin',
      'access-control-allow-origin': 'http://localhost:8080',
      'access-control-allow-credentials': 'true',
      'access-control-expose-headers': 'WWW-Authenticate,Server-Authorization',
      'content-type': 'application/json; charset=utf-8'
    },
    body: { code: 1, data: [Object] }
  }
}
[2019-12-25T14:49:24.715] [INFO] response - {
  method: 'GET',
  url: '/api/users/userinfo',
  body: {},
  costTime: 11,
  response: {
    status: 200,
    message: 'OK',
    header: [Object: null prototype] {
      vary: 'Origin',
      'access-control-allow-origin': 'http://localhost:8080',
      'access-control-allow-credentials': 'true',
      'access-control-expose-headers': 'WWW-Authenticate,Server-Authorization',
      'content-type': 'application/json; charset=utf-8'
    },
    body: { data: [Object] }
  }
}
[2019-12-25T14:49:24.981] [INFO] response - {
  method: 'GET',
  url: '/api/tables/tableinfo?0=1740624157',
  body: {},
  costTime: 23,
  response: {
    status: 200,
    message: 'OK',
    header: [Object: null prototype] {
      vary: 'Origin',
      'access-control-allow-origin': 'http://localhost:8080',
      'access-control-allow-credentials': 'true',
      'access-control-expose-headers': 'WWW-Authenticate,Server-Authorization',
      'content-type': 'application/json; charset=utf-8'
    },
    body: { code: 1, data: [classtable] }
  }
}
[2019-12-25T14:49:28.260] [INFO] response - {
  method: 'GET',
  url: '/api/users/userinfo',
  body: {},
  costTime: 6,
  response: {
    status: 200,
    message: 'OK',
    header: [Object: null prototype] {
      vary: 'Origin',
      'access-control-allow-origin': 'http://localhost:8080',
      'access-control-allow-credentials': 'true',
      'access-control-expose-headers': 'WWW-Authenticate,Server-Authorization',
      'content-type': 'application/json; charset=utf-8'
    },
    body: { data: [Object] }
  }
}
[2019-12-25T14:49:28.958] [INFO] response - {
  method: 'GET',
  url: '/api/users/userinfo',
  body: {},
  costTime: 5,
  response: {
    status: 200,
    message: 'OK',
    header: [Object: null prototype] {
      vary: 'Origin',
      'access-control-allow-origin': 'http://localhost:8080',
      'access-control-allow-credentials': 'true',
      'access-control-expose-headers': 'WWW-Authenticate,Server-Authorization',
      'content-type': 'application/json; charset=utf-8'
    },
    body: { data: [Object] }
  }
}
[2019-12-25T14:49:29.317] [INFO] response - {
  method: 'GET',
  url: '/api/tables/tableinfo?0=1740624157',
  body: {},
  costTime: 7,
  response: {
    status: 200,
    message: 'OK',
    header: [Object: null prototype] {
      vary: 'Origin',
      'access-control-allow-origin': 'http://localhost:8080',
      'access-control-allow-credentials': 'true',
      'access-control-expose-headers': 'WWW-Authenticate,Server-Authorization',
      'content-type': 'application/json; charset=utf-8'
    },
    body: { code: 1, data: [classtable] }
  }
}
[2019-12-25T14:49:29.754] [INFO] response - {
  method: 'GET',
  url: '/api/users/userinfo',
  body: {},
  costTime: 6,
  response: {
    status: 200,
    message: 'OK',
    header: [Object: null prototype] {
      vary: 'Origin',
      'access-control-allow-origin': 'http://localhost:8080',
      'access-control-allow-credentials': 'true',
      'access-control-expose-headers': 'WWW-Authenticate,Server-Authorization',
      'content-type': 'application/json; charset=utf-8'
    },
    body: { data: [Object] }
  }
}
[2019-12-25T14:49:30.670] [INFO] response - {
  method: 'GET',
  url: '/api/users/userinfo',
  body: {},
  costTime: 7,
  response: {
    status: 200,
    message: 'OK',
    header: [Object: null prototype] {
      vary: 'Origin',
      'access-control-allow-origin': 'http://localhost:8080',
      'access-control-allow-credentials': 'true',
      'access-control-expose-headers': 'WWW-Authenticate,Server-Authorization',
      'content-type': 'application/json; charset=utf-8'
    },
    body: { data: [Object] }
  }
}
[2019-12-25T14:49:32.060] [INFO] response - {
  method: 'GET',
  url: '/api/users/userinfo',
  body: {},
  costTime: 6,
  response: {
    status: 200,
    message: 'OK',
    header: [Object: null prototype] {
      vary: 'Origin',
      'access-control-allow-origin': 'http://localhost:8080',
      'access-control-allow-credentials': 'true',
      'access-control-expose-headers': 'WWW-Authenticate,Server-Authorization',
      'content-type': 'application/json; charset=utf-8'
    },
    body: { data: [Object] }
  }
}
[2019-12-25T14:49:33.106] [INFO] response - {
  method: 'GET',
  url: '/api/users/userinfo',
  body: {},
  costTime: 4,
  response: {
    status: 200,
    message: 'OK',
    header: [Object: null prototype] {
      vary: 'Origin',
      'access-control-allow-origin': 'http://localhost:8080',
      'access-control-allow-credentials': 'true',
      'access-control-expose-headers': 'WWW-Authenticate,Server-Authorization',
      'content-type': 'application/json; charset=utf-8'
    },
    body: { data: [Object] }
  }
}
[2019-12-25T14:49:33.670] [INFO] response - {
  method: 'GET',
  url: '/api/users/userinfo',
  body: {},
  costTime: 8,
  response: {
    status: 200,
    message: 'OK',
    header: [Object: null prototype] {
      vary: 'Origin',
      'access-control-allow-origin': 'http://localhost:8080',
      'access-control-allow-credentials': 'true',
      'access-control-expose-headers': 'WWW-Authenticate,Server-Authorization',
      'content-type': 'application/json; charset=utf-8'
    },
    body: { data: [Object] }
  }
}
[2019-12-25T14:49:35.907] [INFO] response - {
  method: 'GET',
  url: '/api/users/userinfo',
  body: {},
  costTime: 5,
  response: {
    status: 200,
    message: 'OK',
    header: [Object: null prototype] {
      vary: 'Origin',
      'access-control-allow-origin': 'http://localhost:8080',
      'access-control-allow-credentials': 'true',
      'access-control-expose-headers': 'WWW-Authenticate,Server-Authorization',
      'content-type': 'application/json; charset=utf-8'
    },
    body: { data: [Object] }
  }
}
[2019-12-25T14:49:36.251] [INFO] response - {
  method: 'GET',
  url: '/api/tables/tableinfo?0=1740624157',
  body: {},
  costTime: 19,
  response: {
    status: 200,
    message: 'OK',
    header: [Object: null prototype] {
      vary: 'Origin',
      'access-control-allow-origin': 'http://localhost:8080',
      'access-control-allow-credentials': 'true',
      'access-control-expose-headers': 'WWW-Authenticate,Server-Authorization',
      'content-type': 'application/json; charset=utf-8'
    },
    body: { code: 1, data: [classtable] }
  }
}
[2019-12-25T14:49:36.612] [INFO] response - {
  method: 'GET',
  url: '/api/users/userinfo',
  body: {},
  costTime: 6,
  response: {
    status: 200,
    message: 'OK',
    header: [Object: null prototype] {
      vary: 'Origin',
      'access-control-allow-origin': 'http://localhost:8080',
      'access-control-allow-credentials': 'true',
      'access-control-expose-headers': 'WWW-Authenticate,Server-Authorization',
      'content-type': 'application/json; charset=utf-8'
    },
    body: { data: [Object] }
  }
}
[2019-12-25T14:49:45.016] [INFO] response - {
  method: 'POST',
  url: '/api/users/postlogin',
  body: { user_id: '1001', password: '123456' },
  costTime: 10,
  response: {
    status: 200,
    message: 'OK',
    header: [Object: null prototype] {
      vary: 'Origin',
      'access-control-allow-origin': 'http://localhost:8080',
      'access-control-allow-credentials': 'true',
      'access-control-expose-headers': 'WWW-Authenticate,Server-Authorization',
      'content-type': 'application/json; charset=utf-8'
    },
    body: { code: 2, data: [Object] }
  }
}
[2019-12-25T14:49:45.253] [INFO] response - {
  method: 'GET',
  url: '/api/users/userinfo',
  body: {},
  costTime: 9,
  response: {
    status: 200,
    message: 'OK',
    header: [Object: null prototype] {
      vary: 'Origin',
      'access-control-allow-origin': 'http://localhost:8080',
      'access-control-allow-credentials': 'true',
      'access-control-expose-headers': 'WWW-Authenticate,Server-Authorization',
      'content-type': 'application/json; charset=utf-8'
    },
    body: { data: [Object] }
  }
}
[2019-12-25T14:49:45.524] [INFO] response - {
  method: 'GET',
  url: '/api/tables/alltableinfo',
  body: {},
  costTime: 9,
  response: {
    status: 200,
    message: 'OK',
    header: [Object: null prototype] {
      vary: 'Origin',
      'access-control-allow-origin': 'http://localhost:8080',
      'access-control-allow-credentials': 'true',
      'access-control-expose-headers': 'WWW-Authenticate,Server-Authorization',
      'content-type': 'application/json; charset=utf-8'
    },
    body: { code: 1, data: [Array] }
  }
}
[2019-12-25T14:49:48.420] [INFO] response - {
  method: 'GET',
  url: '/api/users/userinfo',
  body: {},
  costTime: 4,
  response: {
    status: 200,
    message: 'OK',
    header: [Object: null prototype] {
      vary: 'Origin',
      'access-control-allow-origin': 'http://localhost:8080',
      'access-control-allow-credentials': 'true',
      'access-control-expose-headers': 'WWW-Authenticate,Server-Authorization',
      'content-type': 'application/json; charset=utf-8'
    },
    body: { data: [Object] }
  }
}
[2019-12-25T14:49:49.594] [INFO] response - {
  method: 'GET',
  url: '/api/users/userinfo',
  body: {},
  costTime: 4,
  response: {
    status: 200,
    message: 'OK',
    header: [Object: null prototype] {
      vary: 'Origin',
      'access-control-allow-origin': 'http://localhost:8080',
      'access-control-allow-credentials': 'true',
      'access-control-expose-headers': 'WWW-Authenticate,Server-Authorization',
      'content-type': 'application/json; charset=utf-8'
    },
    body: { data: [Object] }
  }
}
[2019-12-25T14:49:50.794] [INFO] response - {
  method: 'GET',
  url: '/api/users/userinfo',
  body: {},
  costTime: 4,
  response: {
    status: 200,
    message: 'OK',
    header: [Object: null prototype] {
      vary: 'Origin',
      'access-control-allow-origin': 'http://localhost:8080',
      'access-control-allow-credentials': 'true',
      'access-control-expose-headers': 'WWW-Authenticate,Server-Authorization',
      'content-type': 'application/json; charset=utf-8'
    },
    body: { data: [Object] }
  }
}
[2019-12-25T14:49:53.888] [INFO] response - {
  method: 'GET',
  url: '/api/users/userinfo',
  body: {},
  costTime: 4,
  response: {
    status: 200,
    message: 'OK',
    header: [Object: null prototype] {
      vary: 'Origin',
      'access-control-allow-origin': 'http://localhost:8080',
      'access-control-allow-credentials': 'true',
      'access-control-expose-headers': 'WWW-Authenticate,Server-Authorization',
      'content-type': 'application/json; charset=utf-8'
    },
    body: { data: [Object] }
  }
}
[2019-12-25T14:49:55.511] [INFO] response - {
  method: 'GET',
  url: '/api/users/userinfo',
  body: {},
  costTime: 7,
  response: {
    status: 200,
    message: 'OK',
    header: [Object: null prototype] {
      vary: 'Origin',
      'access-control-allow-origin': 'http://localhost:8080',
      'access-control-allow-credentials': 'true',
      'access-control-expose-headers': 'WWW-Authenticate,Server-Authorization',
      'content-type': 'application/json; charset=utf-8'
    },
    body: { data: [Object] }
  }
}
[2019-12-25T14:49:55.694] [INFO] response - {
  method: 'GET',
  url: '/api/users/getallinfo',
  body: {},
  costTime: 7,
  response: {
    status: 200,
    message: 'OK',
    header: [Object: null prototype] {
      vary: 'Origin',
      'access-control-allow-origin': 'http://localhost:8080',
      'access-control-allow-credentials': 'true',
      'access-control-expose-headers': 'WWW-Authenticate,Server-Authorization',
      'content-type': 'application/json; charset=utf-8'
    },
    body: { code: 1, data: [Array] }
  }
}
[2019-12-25T14:49:59.463] [INFO] response - {
  method: 'GET',
  url: '/api/users/userinfo',
  body: {},
  costTime: 6,
  response: {
    status: 200,
    message: 'OK',
    header: [Object: null prototype] {
      vary: 'Origin',
      'access-control-allow-origin': 'http://localhost:8080',
      'access-control-allow-credentials': 'true',
      'access-control-expose-headers': 'WWW-Authenticate,Server-Authorization',
      'content-type': 'application/json; charset=utf-8'
    },
    body: { data: [Object] }
  }
}
[2019-12-25T14:49:59.963] [INFO] response - {
  method: 'GET',
  url: '/api/classrooms/getclassroominfo',
  body: {},
  costTime: 15,
  response: {
    status: 200,
    message: 'OK',
    header: [Object: null prototype] {
      vary: 'Origin',
      'access-control-allow-origin': 'http://localhost:8080',
      'access-control-allow-credentials': 'true',
      'access-control-expose-headers': 'WWW-Authenticate,Server-Authorization',
      'content-type': 'application/json; charset=utf-8'
    },
    body: { code: 1, data: [Array] }
  }
}
[2019-12-25T14:50:01.004] [INFO] response - {
  method: 'GET',
  url: '/api/users/userinfo',
  body: {},
  costTime: 5,
  response: {
    status: 200,
    message: 'OK',
    header: [Object: null prototype] {
      vary: 'Origin',
      'access-control-allow-origin': 'http://localhost:8080',
      'access-control-allow-credentials': 'true',
      'access-control-expose-headers': 'WWW-Authenticate,Server-Authorization',
      'content-type': 'application/json; charset=utf-8'
    },
    body: { data: [Object] }
  }
}
[2019-12-25T14:50:01.762] [INFO] response - {
  method: 'GET',
  url: '/api/users/userinfo',
  body: {},
  costTime: 4,
  response: {
    status: 200,
    message: 'OK',
    header: [Object: null prototype] {
      vary: 'Origin',
      'access-control-allow-origin': 'http://localhost:8080',
      'access-control-allow-credentials': 'true',
      'access-control-expose-headers': 'WWW-Authenticate,Server-Authorization',
      'content-type': 'application/json; charset=utf-8'
    },
    body: { data: [Object] }
  }
}
[2019-12-25T14:50:02.204] [INFO] response - {
  method: 'GET',
  url: '/api/classrooms/getclassroomtimeinfo',
  body: {},
  costTime: 66,
  response: {
    status: 200,
    message: 'OK',
    header: [Object: null prototype] {
      vary: 'Origin',
      'access-control-allow-origin': 'http://localhost:8080',
      'access-control-allow-credentials': 'true',
      'access-control-expose-headers': 'WWW-Authenticate,Server-Authorization',
      'content-type': 'application/json; charset=utf-8'
    },
    body: { code: 1, data: [Array] }
  }
}
[2019-12-25T14:50:03.607] [INFO] response - {
  method: 'GET',
  url: '/api/users/userinfo',
  body: {},
  costTime: 8,
  response: {
    status: 200,
    message: 'OK',
    header: [Object: null prototype] {
      vary: 'Origin',
      'access-control-allow-origin': 'http://localhost:8080',
      'access-control-allow-credentials': 'true',
      'access-control-expose-headers': 'WWW-Authenticate,Server-Authorization',
      'content-type': 'application/json; charset=utf-8'
    },
    body: { data: [Object] }
  }
}
[2019-12-25T14:50:03.870] [INFO] response - {
  method: 'GET',
  url: '/api/tables/alltableinfo',
  body: {},
  costTime: 15,
  response: {
    status: 200,
    message: 'OK',
    header: [Object: null prototype] {
      vary: 'Origin',
      'access-control-allow-origin': 'http://localhost:8080',
      'access-control-allow-credentials': 'true',
      'access-control-expose-headers': 'WWW-Authenticate,Server-Authorization',
      'content-type': 'application/json; charset=utf-8'
    },
    body: { code: 1, data: [Array] }
  }
}
[2019-12-25T14:50:06.412] [INFO] response - {
  method: 'GET',
  url: '/api/users/userinfo',
  body: {},
  costTime: 6,
  response: {
    status: 200,
    message: 'OK',
    header: [Object: null prototype] {
      vary: 'Origin',
      'access-control-allow-origin': 'http://localhost:8080',
      'access-control-allow-credentials': 'true',
      'access-control-expose-headers': 'WWW-Authenticate,Server-Authorization',
      'content-type': 'application/json; charset=utf-8'
    },
    body: { data: [Object] }
  }
}
[2019-12-25T14:50:06.534] [INFO] response - {
  method: 'GET',
  url: '/api/tables/onetableinfo/4',
  body: {},
  costTime: 43,
  response: {
    status: 200,
    message: 'OK',
    header: [Object: null prototype] {
      vary: 'Origin',
      'access-control-allow-origin': 'http://localhost:8080',
      'access-control-allow-credentials': 'true',
      'access-control-expose-headers': 'WWW-Authenticate,Server-Authorization',
      'content-type': 'application/json; charset=utf-8'
    },
    body: { code: 1, data: [Object] }
  }
}
[2019-12-25T14:50:19.220] [INFO] response - {
  method: 'POST',
  url: '/api/tables/postclass/4',
  body: { user_id: '1001', class_id: '101', result: '成功', table_id: '4' },
  costTime: 201,
  response: {
    status: 200,
    message: 'OK',
    header: [Object: null prototype] {
      vary: 'Origin',
      'access-control-allow-origin': 'http://localhost:8080',
      'access-control-allow-credentials': 'true',
      'access-control-expose-headers': 'WWW-Authenticate,Server-Authorization',
      'content-type': 'application/json; charset=utf-8'
    },
    body: { code: 1, data: [Object] }
  }
}
[2019-12-25T14:50:19.258] [INFO] response - {
  method: 'GET',
  url: '/api/users/userinfo',
  body: {},
  costTime: 4,
  response: {
    status: 200,
    message: 'OK',
    header: [Object: null prototype] {
      vary: 'Origin',
      'access-control-allow-origin': 'http://localhost:8080',
      'access-control-allow-credentials': 'true',
      'access-control-expose-headers': 'WWW-Authenticate,Server-Authorization',
      'content-type': 'application/json; charset=utf-8'
    },
    body: { data: [Object] }
  }
}
[2019-12-25T14:50:19.557] [INFO] response - {
  method: 'GET',
  url: '/api/tables/alltableinfo',
  body: {},
  costTime: 20,
  response: {
    status: 200,
    message: 'OK',
    header: [Object: null prototype] {
      vary: 'Origin',
      'access-control-allow-origin': 'http://localhost:8080',
      'access-control-allow-credentials': 'true',
      'access-control-expose-headers': 'WWW-Authenticate,Server-Authorization',
      'content-type': 'application/json; charset=utf-8'
    },
    body: { code: 1, data: [Array] }
  }
}
[2019-12-25T14:50:29.441] [INFO] response - {
  method: 'GET',
  url: '/api/users/userinfo',
  body: {},
  costTime: 13,
  response: {
    status: 200,
    message: 'OK',
    header: [Object: null prototype] {
      vary: 'Origin',
      'access-control-allow-origin': 'http://localhost:8080',
      'access-control-allow-credentials': 'true',
      'access-control-expose-headers': 'WWW-Authenticate,Server-Authorization',
      'content-type': 'application/json; charset=utf-8'
    },
    body: { data: [Object] }
  }
}
[2019-12-25T14:50:29.698] [INFO] response - {
  method: 'GET',
  url: '/api/classrooms/getclassroominfo',
  body: {},
  costTime: 18,
  response: {
    status: 200,
    message: 'OK',
    header: [Object: null prototype] {
      vary: 'Origin',
      'access-control-allow-origin': 'http://localhost:8080',
      'access-control-allow-credentials': 'true',
      'access-control-expose-headers': 'WWW-Authenticate,Server-Authorization',
      'content-type': 'application/json; charset=utf-8'
    },
    body: { code: 1, data: [Array] }
  }
}
[2019-12-25T14:50:34.082] [INFO] response - {
  method: 'GET',
  url: '/api/users/userinfo',
  body: {},
  costTime: 10,
  response: {
    status: 200,
    message: 'OK',
    header: [Object: null prototype] {
      vary: 'Origin',
      'access-control-allow-origin': 'http://localhost:8080',
      'access-control-allow-credentials': 'true',
      'access-control-expose-headers': 'WWW-Authenticate,Server-Authorization',
      'content-type': 'application/json; charset=utf-8'
    },
    body: { data: [Object] }
  }
}
[2019-12-25T14:50:34.714] [INFO] response - {
  method: 'GET',
  url: '/api/users/userinfo',
  body: {},
  costTime: 5,
  response: {
    status: 200,
    message: 'OK',
    header: [Object: null prototype] {
      vary: 'Origin',
      'access-control-allow-origin': 'http://localhost:8080',
      'access-control-allow-credentials': 'true',
      'access-control-expose-headers': 'WWW-Authenticate,Server-Authorization',
      'content-type': 'application/json; charset=utf-8'
    },
    body: { data: [Object] }
  }
}
[2019-12-25T14:50:34.776] [INFO] response - {
  method: 'GET',
  url: '/api/classrooms/getclassroomtimeinfo',
  body: {},
  costTime: 12,
  response: {
    status: 200,
    message: 'OK',
    header: [Object: null prototype] {
      vary: 'Origin',
      'access-control-allow-origin': 'http://localhost:8080',
      'access-control-allow-credentials': 'true',
      'access-control-expose-headers': 'WWW-Authenticate,Server-Authorization',
      'content-type': 'application/json; charset=utf-8'
    },
    body: { code: 1, data: [Array] }
  }
}
[2019-12-25T14:50:42.381] [INFO] response - {
  method: 'DELETE',
  url: '/api/classrooms/deletetimetable/9',
  body: {},
  costTime: 112,
  response: {
    status: 200,
    message: 'OK',
    header: [Object: null prototype] {
      vary: 'Origin',
      'access-control-allow-origin': 'http://localhost:8080',
      'access-control-allow-credentials': 'true',
      'access-control-expose-headers': 'WWW-Authenticate,Server-Authorization',
      'content-type': 'application/json; charset=utf-8'
    },
    body: { code: 1, data: [Object] }
  }
}
[2019-12-25T14:50:42.523] [INFO] response - {
  method: 'GET',
  url: '/api/classrooms/getclassroomtimeinfo',
  body: {},
  costTime: 10,
  response: {
    status: 200,
    message: 'OK',
    header: [Object: null prototype] {
      vary: 'Origin',
      'access-control-allow-origin': 'http://localhost:8080',
      'access-control-allow-credentials': 'true',
      'access-control-expose-headers': 'WWW-Authenticate,Server-Authorization',
      'content-type': 'application/json; charset=utf-8'
    },
    body: { code: 1, data: [Array] }
  }
}
[2019-12-25T14:50:51.790] [INFO] response - {
  method: 'GET',
  url: '/api/users/userinfo',
  body: {},
  costTime: 8,
  response: {
    status: 200,
    message: 'OK',
    header: [Object: null prototype] {
      vary: 'Origin',
      'access-control-allow-origin': 'http://localhost:8080',
      'access-control-allow-credentials': 'true',
      'access-control-expose-headers': 'WWW-Authenticate,Server-Authorization',
      'content-type': 'application/json; charset=utf-8'
    },
    body: { data: [Object] }
  }
}
[2019-12-25T14:50:52.052] [INFO] response - {
  method: 'GET',
  url: '/api/tables/alltableinfo',
  body: {},
  costTime: 16,
  response: {
    status: 200,
    message: 'OK',
    header: [Object: null prototype] {
      vary: 'Origin',
      'access-control-allow-origin': 'http://localhost:8080',
      'access-control-allow-credentials': 'true',
      'access-control-expose-headers': 'WWW-Authenticate,Server-Authorization',
      'content-type': 'application/json; charset=utf-8'
    },
    body: { code: 1, data: [Array] }
  }
}
[2019-12-25T14:50:55.932] [INFO] response - {
  method: 'GET',
  url: '/api/users/userinfo',
  body: {},
  costTime: 8,
  response: {
    status: 200,
    message: 'OK',
    header: [Object: null prototype] {
      vary: 'Origin',
      'access-control-allow-origin': 'http://localhost:8080',
      'access-control-allow-credentials': 'true',
      'access-control-expose-headers': 'WWW-Authenticate,Server-Authorization',
      'content-type': 'application/json; charset=utf-8'
    },
    body: { data: [Object] }
  }
}
[2019-12-25T14:50:56.193] [INFO] response - {
  method: 'GET',
  url: '/api/classrooms/getclassroominfo',
  body: {},
  costTime: 17,
  response: {
    status: 200,
    message: 'OK',
    header: [Object: null prototype] {
      vary: 'Origin',
      'access-control-allow-origin': 'http://localhost:8080',
      'access-control-allow-credentials': 'true',
      'access-control-expose-headers': 'WWW-Authenticate,Server-Authorization',
      'content-type': 'application/json; charset=utf-8'
    },
    body: { code: 1, data: [Array] }
  }
}
[2019-12-25T14:50:59.203] [INFO] response - {
  method: 'GET',
  url: '/api/users/userinfo',
  body: {},
  costTime: 3,
  response: {
    status: 200,
    message: 'OK',
    header: [Object: null prototype] {
      vary: 'Origin',
      'access-control-allow-origin': 'http://localhost:8080',
      'access-control-allow-credentials': 'true',
      'access-control-expose-headers': 'WWW-Authenticate,Server-Authorization',
      'content-type': 'application/json; charset=utf-8'
    },
    body: { data: [Object] }
  }
}
[2019-12-25T14:50:59.270] [INFO] response - {
  method: 'GET',
  url: '/api/users/getallinfo',
  body: {},
  costTime: 11,
  response: {
    status: 200,
    message: 'OK',
    header: [Object: null prototype] {
      vary: 'Origin',
      'access-control-allow-origin': 'http://localhost:8080',
      'access-control-allow-credentials': 'true',
      'access-control-expose-headers': 'WWW-Authenticate,Server-Authorization',
      'content-type': 'application/json; charset=utf-8'
    },
    body: { code: 1, data: [Array] }
  }
}
[2019-12-25T14:51:02.003] [INFO] response - {
  method: 'GET',
  url: '/api/users/userinfo',
  body: {},
  costTime: 5,
  response: {
    status: 200,
    message: 'OK',
    header: [Object: null prototype] {
      vary: 'Origin',
      'access-control-allow-origin': 'http://localhost:8080',
      'access-control-allow-credentials': 'true',
      'access-control-expose-headers': 'WWW-Authenticate,Server-Authorization',
      'content-type': 'application/json; charset=utf-8'
    },
    body: { data: [Object] }
  }
}
[2019-12-25T14:51:03.185] [INFO] response - {
  method: 'GET',
  url: '/api/users/userinfo',
  body: {},
  costTime: 4,
  response: {
    status: 200,
    message: 'OK',
    header: [Object: null prototype] {
      vary: 'Origin',
      'access-control-allow-origin': 'http://localhost:8080',
      'access-control-allow-credentials': 'true',
      'access-control-expose-headers': 'WWW-Authenticate,Server-Authorization',
      'content-type': 'application/json; charset=utf-8'
    },
    body: { data: [Object] }
  }
}
[2019-12-25T14:51:04.106] [INFO] response - {
  method: 'GET',
  url: '/api/users/userinfo',
  body: {},
  costTime: 4,
  response: {
    status: 200,
    message: 'OK',
    header: [Object: null prototype] {
      vary: 'Origin',
      'access-control-allow-origin': 'http://localhost:8080',
      'access-control-allow-credentials': 'true',
      'access-control-expose-headers': 'WWW-Authenticate,Server-Authorization',
      'content-type': 'application/json; charset=utf-8'
    },
    body: { data: [Object] }
  }
}
[2019-12-25T14:51:04.171] [INFO] response - {
  method: 'GET',
  url: '/api/tables/alltableinfo',
  body: {},
  costTime: 9,
  response: {
    status: 200,
    message: 'OK',
    header: [Object: null prototype] {
      vary: 'Origin',
      'access-control-allow-origin': 'http://localhost:8080',
      'access-control-allow-credentials': 'true',
      'access-control-expose-headers': 'WWW-Authenticate,Server-Authorization',
      'content-type': 'application/json; charset=utf-8'
    },
    body: { code: 1, data: [Array] }
  }
}
[2019-12-25T14:51:18.491] [INFO] response - {
  method: 'POST',
  url: '/api/users/postlogin',
  body: { user_id: '1740624157', password: '123456' },
  costTime: 17,
  response: {
    status: 200,
    message: 'OK',
    header: [Object: null prototype] {
      vary: 'Origin',
      'access-control-allow-origin': 'http://localhost:8080',
      'access-control-allow-credentials': 'true',
      'access-control-expose-headers': 'WWW-Authenticate,Server-Authorization',
      'content-type': 'application/json; charset=utf-8'
    },
    body: { code: 1, data: [Object] }
  }
}
[2019-12-25T14:51:18.730] [INFO] response - {
  method: 'GET',
  url: '/api/users/userinfo',
  body: {},
  costTime: 11,
  response: {
    status: 200,
    message: 'OK',
    header: [Object: null prototype] {
      vary: 'Origin',
      'access-control-allow-origin': 'http://localhost:8080',
      'access-control-allow-credentials': 'true',
      'access-control-expose-headers': 'WWW-Authenticate,Server-Authorization',
      'content-type': 'application/json; charset=utf-8'
    },
    body: { data: [Object] }
  }
}
[2019-12-25T14:51:20.050] [INFO] response - {
  method: 'GET',
  url: '/api/users/userinfo',
  body: {},
  costTime: 5,
  response: {
    status: 200,
    message: 'OK',
    header: [Object: null prototype] {
      vary: 'Origin',
      'access-control-allow-origin': 'http://localhost:8080',
      'access-control-allow-credentials': 'true',
      'access-control-expose-headers': 'WWW-Authenticate,Server-Authorization',
      'content-type': 'application/json; charset=utf-8'
    },
    body: { data: [Object] }
  }
}
[2019-12-25T14:51:20.075] [INFO] response - {
  method: 'GET',
  url: '/api/tables/tableinfo?0=1740624157',
  body: {},
  costTime: 9,
  response: {
    status: 200,
    message: 'OK',
    header: [Object: null prototype] {
      vary: 'Origin',
      'access-control-allow-origin': 'http://localhost:8080',
      'access-control-allow-credentials': 'true',
      'access-control-expose-headers': 'WWW-Authenticate,Server-Authorization',
      'content-type': 'application/json; charset=utf-8'
    },
    body: { code: 1, data: [classtable] }
  }
}
[2019-12-25T14:52:02.814] [INFO] response - {
  method: 'GET',
  url: '/api/users/userinfo',
  body: {},
  costTime: 13,
  response: {
    status: 200,
    message: 'OK',
    header: [Object: null prototype] {
      vary: 'Origin',
      'access-control-allow-origin': 'http://localhost:8080',
      'access-control-allow-credentials': 'true',
      'access-control-expose-headers': 'WWW-Authenticate,Server-Authorization',
      'content-type': 'application/json; charset=utf-8'
    },
    body: { data: [Object] }
  }
}
[2019-12-25T14:52:02.892] [INFO] response - {
  method: 'GET',
  url: '/api/tables/tableinfo?0=1740624157',
  body: {},
  costTime: 15,
  response: {
    status: 200,
    message: 'OK',
    header: [Object: null prototype] {
      vary: 'Origin',
      'access-control-allow-origin': 'http://localhost:8080',
      'access-control-allow-credentials': 'true',
      'access-control-expose-headers': 'WWW-Authenticate,Server-Authorization',
      'content-type': 'application/json; charset=utf-8'
    },
    body: { code: -1, data: '' }
  }
}
[2019-12-25T15:03:59.979] [INFO] response - {
  method: 'GET',
  url: '/api/users/userinfo',
  body: {},
  costTime: 117,
  response: {
    status: 401,
    message: 'Unauthorized',
    header: [Object: null prototype] {
      vary: 'Origin',
      'access-control-allow-origin': 'http://localhost:8080',
      'access-control-allow-credentials': 'true',
      'access-control-expose-headers': 'WWW-Authenticate,Server-Authorization',
      'content-type': 'text/plain; charset=utf-8',
      'content-length': '12'
    },
    body: 'Unauthorized'
  }
}
[2019-12-25T15:04:23.329] [INFO] response - {
  method: 'POST',
  url: '/api/users/postlogin',
  body: { user_id: '1740624157', password: '123456' },
  costTime: 581,
  response: {
    status: 200,
    message: 'OK',
    header: [Object: null prototype] {
      vary: 'Origin',
      'access-control-allow-origin': 'http://localhost:8080',
      'access-control-allow-credentials': 'true',
      'access-control-expose-headers': 'WWW-Authenticate,Server-Authorization',
      'content-type': 'application/json; charset=utf-8'
    },
    body: { code: 1, data: [Object] }
  }
}
[2019-12-25T15:04:23.404] [INFO] response - {
  method: 'GET',
  url: '/api/users/userinfo',
  body: {},
  costTime: 7,
  response: {
    status: 200,
    message: 'OK',
    header: [Object: null prototype] {
      vary: 'Origin',
      'access-control-allow-origin': 'http://localhost:8080',
      'access-control-allow-credentials': 'true',
      'access-control-expose-headers': 'WWW-Authenticate,Server-Authorization',
      'content-type': 'application/json; charset=utf-8'
    },
    body: { data: [Object] }
  }
}
[2019-12-25T15:04:26.372] [INFO] response - {
  method: 'GET',
  url: '/api/users/userinfo',
  body: {},
  costTime: 5,
  response: {
    status: 200,
    message: 'OK',
    header: [Object: null prototype] {
      vary: 'Origin',
      'access-control-allow-origin': 'http://localhost:8080',
      'access-control-allow-credentials': 'true',
      'access-control-expose-headers': 'WWW-Authenticate,Server-Authorization',
      'content-type': 'application/json; charset=utf-8'
    },
    body: { data: [Object] }
  }
}
[2019-12-25T15:04:27.538] [INFO] response - {
  method: 'GET',
  url: '/api/users/userinfo',
  body: {},
  costTime: 4,
  response: {
    status: 200,
    message: 'OK',
    header: [Object: null prototype] {
      vary: 'Origin',
      'access-control-allow-origin': 'http://localhost:8080',
      'access-control-allow-credentials': 'true',
      'access-control-expose-headers': 'WWW-Authenticate,Server-Authorization',
      'content-type': 'application/json; charset=utf-8'
    },
    body: { data: [Object] }
  }
}
[2019-12-25T15:04:28.762] [INFO] response - {
  method: 'GET',
  url: '/api/users/userinfo',
  body: {},
  costTime: 4,
  response: {
    status: 200,
    message: 'OK',
    header: [Object: null prototype] {
      vary: 'Origin',
      'access-control-allow-origin': 'http://localhost:8080',
      'access-control-allow-credentials': 'true',
      'access-control-expose-headers': 'WWW-Authenticate,Server-Authorization',
      'content-type': 'application/json; charset=utf-8'
    },
    body: { data: [Object] }
  }
}
[2019-12-25T15:04:29.555] [INFO] response - {
  method: 'GET',
  url: '/api/users/userinfo',
  body: {},
  costTime: 4,
  response: {
    status: 200,
    message: 'OK',
    header: [Object: null prototype] {
      vary: 'Origin',
      'access-control-allow-origin': 'http://localhost:8080',
      'access-control-allow-credentials': 'true',
      'access-control-expose-headers': 'WWW-Authenticate,Server-Authorization',
      'content-type': 'application/json; charset=utf-8'
    },
    body: { data: [Object] }
  }
}
